-------------------------------------------------------------------------------
Test set: com.beauty1nside.SerpingApplicationTests
-------------------------------------------------------------------------------
<<<<<<< HEAD
<<<<<<< HEAD
Tests run: 1, Failures: 0, Errors: 0, Skipped: 0, Time elapsed: 6.556 s -- in com.beauty1nside.SerpingApplicationTests
=======
Tests run: 1, Failures: 0, Errors: 0, Skipped: 0, Time elapsed: 4.948 s -- in com.beauty1nside.SerpingApplicationTests
>>>>>>> refs/heads/LSH
=======
Tests run: 1, Failures: 0, Errors: 0, Skipped: 0, Time elapsed: 8.885 s -- in com.beauty1nside.SerpingApplicationTests
>>>>>>> refs/heads/PHY
